<?xml version="1.0" encoding="UTF-8"?>
<!-- Generated by org.testng.reporters.JUnitReportReporter -->
<testsuite hostname="hvlkrsclarus" failures="0" tests="1" name="mpack.FirstTest" time="8.169" errors="0" timestamp="2023-09-07T10:19:11 CEST" skipped="0">
  <testcase classname="mpack.FirstTest" name="mOne" time="8.169"/>
  <system-out/>
</testsuite> <!-- mpack.FirstTest -->
